Flow report for cycloneIII_3c25_niosII_standard
Wed Nov 26 22:25:04 2008
Quartus II Version 8.0 Build 231 07/10/2008 Service Pack 1 SJ Full Version


---------------------
; Table of Contents ;
---------------------
  1. Legal Notice
  2. Flow Summary
  3. Flow Settings
  4. Flow Non-Default Global Settings
  5. Flow Elapsed Time
  6. Flow Log



----------------
; Legal Notice ;
----------------
Copyright (C) 1991-2008 Altera Corporation
Your use of Altera Corporation's design tools, logic functions 
and other software and tools, and its AMPP partner logic 
functions, and any output files from any of the foregoing 
(including device programming or simulation files), and any 
associated documentation or information are expressly subject 
to the terms and conditions of the Altera Program License 
Subscription Agreement, Altera MegaCore Function License 
Agreement, or other applicable license agreement, including, 
without limitation, that your use is for the sole purpose of 
programming logic devices manufactured by Altera and sold by 
Altera or its authorized distributors.  Please refer to the 
applicable agreement for further details.



+------------------------------------------------------------------------------------+
; Flow Summary                                                                       ;
+------------------------------------+-----------------------------------------------+
; Flow Status                        ; Successful - Wed Nov 26 22:22:11 2008         ;
; Quartus II Version                 ; 8.0 Build 231 07/10/2008 SP 1 SJ Full Version ;
; Revision Name                      ; cycloneIII_3c25_niosII_standard               ;
; Top-level Entity Name              ; cycloneIII_3c25_niosII_standard               ;
; Family                             ; Cyclone III                                   ;
; Device                             ; EP3C25F324C8                                  ;
; Timing Models                      ; Final                                         ;
; Met timing requirements            ; N/A                                           ;
; Total logic elements               ; 13,238 / 24,624 ( 54 % )                      ;
;     Total combinational functions  ; 11,141 / 24,624 ( 45 % )                      ;
;     Dedicated logic registers      ; 7,628 / 24,624 ( 31 % )                       ;
; Total registers                    ; 7862                                          ;
; Total pins                         ; 141 / 216 ( 65 % )                            ;
; Total virtual pins                 ; 1                                             ;
; Total memory bits                  ; 122,936 / 608,256 ( 20 % )                    ;
; Embedded Multiplier 9-bit elements ; 4 / 132 ( 3 % )                               ;
; Total PLLs                         ; 2 / 4 ( 50 % )                                ;
+------------------------------------+-----------------------------------------------+


+-----------------------------------------------------+
; Flow Settings                                       ;
+-------------------+---------------------------------+
; Option            ; Setting                         ;
+-------------------+---------------------------------+
; Start date & time ; 11/26/2008 22:03:05             ;
; Main task         ; Compilation                     ;
; Revision Name     ; cycloneIII_3c25_niosII_standard ;
+-------------------+---------------------------------+


+-------------------------------------------------------------------------------------------------------------------------------------------------------+
; Flow Non-Default Global Settings                                                                                                                      ;
+---------------------------------------------------+---------------------------------------+--------------------------------+-------------+------------+
; Assignment Name                                   ; Value                                 ; Default Value                  ; Entity Name ; Section Id ;
+---------------------------------------------------+---------------------------------------+--------------------------------+-------------+------------+
; ADV_NETLIST_OPT_SYNTH_GATE_RETIME                 ; On                                    ; Off                            ; --          ; --         ;
; ADV_NETLIST_OPT_SYNTH_WYSIWYG_REMAP               ; On                                    ; Off                            ; --          ; --         ;
; COMPILER_SIGNATURE_ID                             ; 123470206655.122773338502988          ; --                             ; --          ; --         ;
; CYCLONEII_OPTIMIZATION_TECHNIQUE                  ; Speed                                 ; Balanced                       ; --          ; --         ;
; ENABLE_ADVANCED_IO_TIMING                         ; On                                    ; --                             ; --          ; --         ;
; FITTER_EFFORT                                     ; Standard Fit                          ; Auto Fit                       ; --          ; --         ;
; INCREMENTAL_COMPILATION                           ; Off                                   ; FULL_INCREMENTAL_COMPILATION   ; --          ; --         ;
; MUX_RESTRUCTURE                                   ; Off                                   ; Auto                           ; --          ; --         ;
; NOMINAL_CORE_SUPPLY_VOLTAGE                       ; 1.2V                                  ; --                             ; --          ; --         ;
; NUM_PARALLEL_PROCESSORS                           ; All                                   ; 1                              ; --          ; --         ;
; OPTIMIZE_HOLD_TIMING                              ; All paths                             ; IO Paths and Minimum TPD Paths ; --          ; --         ;
; PARTITION_COLOR                                   ; 2147039                               ; --                             ; --          ; Top        ;
; PARTITION_NETLIST_TYPE                            ; SOURCE                                ; --                             ; --          ; Top        ;
; PHYSICAL_SYNTHESIS_ASYNCHRONOUS_SIGNAL_PIPELINING ; On                                    ; Off                            ; --          ; --         ;
; PHYSICAL_SYNTHESIS_COMBO_LOGIC                    ; On                                    ; Off                            ; --          ; --         ;
; PHYSICAL_SYNTHESIS_COMBO_LOGIC_FOR_AREA           ; On                                    ; Off                            ; --          ; --         ;
; PHYSICAL_SYNTHESIS_EFFORT                         ; Fast                                  ; Normal                         ; --          ; --         ;
; PHYSICAL_SYNTHESIS_MAP_LOGIC_TO_MEMORY_FOR_AREA   ; On                                    ; Off                            ; --          ; --         ;
; PHYSICAL_SYNTHESIS_REGISTER_DUPLICATION           ; On                                    ; Off                            ; --          ; --         ;
; PHYSICAL_SYNTHESIS_REGISTER_RETIMING              ; On                                    ; Off                            ; --          ; --         ;
; POWER_BOARD_THERMAL_MODEL                         ; None (CONSERVATIVE)                   ; --                             ; --          ; --         ;
; POWER_PRESET_COOLING_SOLUTION                     ; 23 MM HEAT SINK WITH 200 LFPM AIRFLOW ; --                             ; --          ; --         ;
; SEARCH_PATH                                       ; eth_ocm_80_2                          ; --                             ; --          ; --         ;
; STATE_MACHINE_PROCESSING                          ; One-Hot                               ; Auto                           ; --          ; --         ;
; TIMEQUEST_DO_REPORT_TIMING                        ; On                                    ; Off                            ; --          ; --         ;
+---------------------------------------------------+---------------------------------------+--------------------------------+-------------+------------+


+-------------------------------------------------------------------------------------------------------------------------------+
; Flow Elapsed Time                                                                                                             ;
+---------------------------+--------------+-------------------------+---------------------+------------------------------------+
; Module Name               ; Elapsed Time ; Average Processors Used ; Peak Virtual Memory ; Total CPU Time (on all processors) ;
+---------------------------+--------------+-------------------------+---------------------+------------------------------------+
; Analysis & Synthesis      ; 00:05:59     ; 1.0                     ; 279 MB              ; 00:05:11                           ;
; Fitter                    ; 00:12:41     ; 1.3                     ; 391 MB              ; 00:12:57                           ;
; Assembler                 ; 00:00:09     ; 1.0                     ; 228 MB              ; 00:00:08                           ;
; TimeQuest Timing Analyzer ; 00:02:47     ; 1.1                     ; 350 MB              ; 00:02:42                           ;
; Total                     ; 00:21:36     ; --                      ; --                  ; 00:20:58                           ;
+---------------------------+--------------+-------------------------+---------------------+------------------------------------+


------------
; Flow Log ;
------------
quartus_map --read_settings_files=on --write_settings_files=off cycloneIII_3c25_niosII_standard -c cycloneIII_3c25_niosII_standard
quartus_fit --read_settings_files=off --write_settings_files=off cycloneIII_3c25_niosII_standard -c cycloneIII_3c25_niosII_standard
quartus_asm --read_settings_files=off --write_settings_files=off cycloneIII_3c25_niosII_standard -c cycloneIII_3c25_niosII_standard
quartus_sta cycloneIII_3c25_niosII_standard -c cycloneIII_3c25_niosII_standard



